Flow report for wishbone_cycy10_soc
Wed Jan 01 10:40:42 2020
Quartus Prime Version 18.0.0 Build 614 04/24/2018 SJ Lite Edition


---------------------
; Table of Contents ;
---------------------
  1. Legal Notice
  2. Flow Summary
  3. Flow Settings
  4. Flow Non-Default Global Settings
  5. Flow Elapsed Time
  6. Flow OS Summary
  7. Flow Log
  8. Flow Messages
  9. Flow Suppressed Messages



----------------
; Legal Notice ;
----------------
Copyright (C) 2018  Intel Corporation. All rights reserved.
Your use of Intel Corporation's design tools, logic functions 
and other software and tools, and its AMPP partner logic 
functions, and any output files from any of the foregoing 
(including device programming or simulation files), and any 
associated documentation or information are expressly subject 
to the terms and conditions of the Intel Program License 
Subscription Agreement, the Intel Quartus Prime License Agreement,
the Intel FPGA IP License Agreement, or other applicable license
agreement, including, without limitation, that your use is for
the sole purpose of programming logic devices manufactured by
Intel and sold by Intel or its authorized distributors.  Please
refer to the applicable agreement for further details.



+----------------------------------------------------------------------------------+
; Flow Summary                                                                     ;
+------------------------------------+---------------------------------------------+
; Flow Status                        ; Successful - Wed Jan 01 10:40:42 2020       ;
; Quartus Prime Version              ; 18.0.0 Build 614 04/24/2018 SJ Lite Edition ;
; Revision Name                      ; wishbone_cycy10_soc                         ;
; Top-level Entity Name              ; wishbone_soc                                ;
; Family                             ; Cyclone 10 LP                               ;
; Device                             ; 10CL016YU256C8G                             ;
; Timing Models                      ; Final                                       ;
; Total logic elements               ; 14,658 / 15,408 ( 95 % )                    ;
;     Total combinational functions  ; 13,444 / 15,408 ( 87 % )                    ;
;     Dedicated logic registers      ; 5,768 / 15,408 ( 37 % )                     ;
; Total registers                    ; 5768                                        ;
; Total pins                         ; 50 / 163 ( 31 % )                           ;
; Total virtual pins                 ; 0                                           ;
; Total memory bits                  ; 393,216 / 516,096 ( 76 % )                  ;
; Embedded Multiplier 9-bit elements ; 8 / 112 ( 7 % )                             ;
; Total PLLs                         ; 1 / 4 ( 25 % )                              ;
+------------------------------------+---------------------------------------------+


+-----------------------------------------+
; Flow Settings                           ;
+-------------------+---------------------+
; Option            ; Setting             ;
+-------------------+---------------------+
; Start date & time ; 01/01/2020 10:31:00 ;
; Main task         ; Compilation         ;
; Revision Name     ; wishbone_cycy10_soc ;
+-------------------+---------------------+


+-------------------------------------------------------------------------------------------------------------------------------------------+
; Flow Non-Default Global Settings                                                                                                          ;
+--------------------------------------+----------------------------------------+---------------------+--------------+----------------------+
; Assignment Name                      ; Value                                  ; Default Value       ; Entity Name  ; Section Id           ;
+--------------------------------------+----------------------------------------+---------------------+--------------+----------------------+
; COMPILER_SIGNATURE_ID                ; 93328259659481.157784586012376         ; --                  ; --           ; --                   ;
; EDA_DESIGN_INSTANCE_NAME             ; NA                                     ; --                  ; --           ; wishbone_soc_vlg_tst ;
; EDA_GENERATE_FUNCTIONAL_NETLIST      ; On                                     ; --                  ; --           ; eda_simulation       ;
; EDA_NATIVELINK_SIMULATION_TEST_BENCH ; wishbone_soc_vlg_tst                   ; --                  ; --           ; eda_simulation       ;
; EDA_OUTPUT_DATA_FORMAT               ; Verilog Hdl                            ; --                  ; --           ; eda_simulation       ;
; EDA_SIMULATION_TOOL                  ; ModelSim-Altera (Verilog)              ; <None>              ; --           ; --                   ;
; EDA_TEST_BENCH_ENABLE_STATUS         ; TEST_BENCH_MODE                        ; --                  ; --           ; eda_simulation       ;
; EDA_TEST_BENCH_FILE                  ; simulation/modelsim/wishbone_soc.vt    ; --                  ; --           ; wishbone_soc_vlg_tst ;
; EDA_TEST_BENCH_MODULE_NAME           ; wishbone_soc_vlg_tst                   ; --                  ; --           ; wishbone_soc_vlg_tst ;
; EDA_TEST_BENCH_NAME                  ; wishbone_soc_vlg_tst                   ; --                  ; --           ; eda_simulation       ;
; EDA_TIME_SCALE                       ; 1 ps                                   ; --                  ; --           ; eda_simulation       ;
; MAX_CORE_JUNCTION_TEMP               ; 85                                     ; --                  ; --           ; --                   ;
; MIN_CORE_JUNCTION_TEMP               ; 0                                      ; --                  ; --           ; --                   ;
; MISC_FILE                            ; ip_rom_bb.v                            ; --                  ; --           ; --                   ;
; MISC_FILE                            ; ip_ram_bb.v                            ; --                  ; --           ; --                   ;
; MISC_FILE                            ; ip_pll_bb.v                            ; --                  ; --           ; --                   ;
; MISC_FILE                            ; ip_pll.ppf                             ; --                  ; --           ; --                   ;
; PARTITION_COLOR                      ; -- (Not supported for targeted family) ; --                  ; wishbone_soc ; Top                  ;
; PARTITION_FITTER_PRESERVATION_LEVEL  ; -- (Not supported for targeted family) ; --                  ; wishbone_soc ; Top                  ;
; PARTITION_NETLIST_TYPE               ; -- (Not supported for targeted family) ; --                  ; wishbone_soc ; Top                  ;
; POWER_BOARD_THERMAL_MODEL            ; None (CONSERVATIVE)                    ; --                  ; --           ; --                   ;
; POWER_PRESET_COOLING_SOLUTION        ; 23 MM HEAT SINK WITH 200 LFPM AIRFLOW  ; --                  ; --           ; --                   ;
; PROJECT_OUTPUT_DIRECTORY             ; output_files                           ; --                  ; --           ; --                   ;
; TOP_LEVEL_ENTITY                     ; wishbone_soc                           ; wishbone_cycy10_soc ; --           ; --                   ;
+--------------------------------------+----------------------------------------+---------------------+--------------+----------------------+


+--------------------------------------------------------------------------------------------------------------------------+
; Flow Elapsed Time                                                                                                        ;
+----------------------+--------------+-------------------------+---------------------+------------------------------------+
; Module Name          ; Elapsed Time ; Average Processors Used ; Peak Virtual Memory ; Total CPU Time (on all processors) ;
+----------------------+--------------+-------------------------+---------------------+------------------------------------+
; Analysis & Synthesis ; 00:05:16     ; 1.0                     ; 5052 MB             ; 00:04:20                           ;
; Fitter               ; 00:03:45     ; 1.1                     ; 5444 MB             ; 00:04:54                           ;
; Assembler            ; 00:00:03     ; 1.0                     ; 4722 MB             ; 00:00:03                           ;
; Timing Analyzer      ; 00:00:17     ; 1.3                     ; 4923 MB             ; 00:00:19                           ;
; EDA Netlist Writer   ; 00:00:07     ; 1.0                     ; 4704 MB             ; 00:00:06                           ;
; Total                ; 00:09:28     ; --                      ; --                  ; 00:09:42                           ;
+----------------------+--------------+-------------------------+---------------------+------------------------------------+


+------------------------------------------------------------------------------------+
; Flow OS Summary                                                                    ;
+----------------------+------------------+------------+------------+----------------+
; Module Name          ; Machine Hostname ; OS Name    ; OS Version ; Processor type ;
+----------------------+------------------+------------+------------+----------------+
; Analysis & Synthesis ; LAPTOP-ILT6KOAH  ; Windows 10 ; 10.0       ; x86_64         ;
; Fitter               ; LAPTOP-ILT6KOAH  ; Windows 10 ; 10.0       ; x86_64         ;
; Assembler            ; LAPTOP-ILT6KOAH  ; Windows 10 ; 10.0       ; x86_64         ;
; Timing Analyzer      ; LAPTOP-ILT6KOAH  ; Windows 10 ; 10.0       ; x86_64         ;
; EDA Netlist Writer   ; LAPTOP-ILT6KOAH  ; Windows 10 ; 10.0       ; x86_64         ;
+----------------------+------------------+------------+------------+----------------+


------------
; Flow Log ;
------------
quartus_map --read_settings_files=on --write_settings_files=off wishbone_cycy10_soc -c wishbone_cycy10_soc
quartus_fit --read_settings_files=off --write_settings_files=off wishbone_cycy10_soc -c wishbone_cycy10_soc
quartus_asm --read_settings_files=off --write_settings_files=off wishbone_cycy10_soc -c wishbone_cycy10_soc
quartus_sta wishbone_cycy10_soc -c wishbone_cycy10_soc
quartus_eda --read_settings_files=off --write_settings_files=off wishbone_cycy10_soc -c wishbone_cycy10_soc



