This file contains any messages produced by compilers while
running configure, to aid debugging if configure makes a mistake.

It was created by RISC-V Proxy Kernel configure ?, which was
generated by GNU Autoconf 2.69.  Invocation command line was

  $ ../configure --prefix=/mnt/f/undergraduate_thesis/riscv-files --host=riscv32-unknown-elf --with-payload=../../os/target/riscv32-os/release/os --disable-fp-emulation host_alias=riscv32-unknown-elf RISCV=/mnt/f/undergraduate_thesis/riscv-files --no-create --no-recursion

## --------- ##
## Platform. ##
## --------- ##

hostname = LAPTOP-ILT6KOAH
uname -m = x86_64
uname -r = 4.4.0-18362-Microsoft
uname -s = Linux
uname -v = #476-Microsoft Fri Nov 01 16:53:00 PST 2019

/usr/bin/uname -p = unknown
/bin/uname -X     = unknown

/bin/arch              = unknown
/usr/bin/arch -k       = unknown
/usr/convex/getsysinfo = unknown
/usr/bin/hostinfo      = unknown
/bin/machine           = unknown
/usr/bin/oslevel       = unknown
/bin/universe          = unknown

PATH: /home/fanzhipeng/.cargo/bin
PATH: /home/fanzhipeng/bin
PATH: /home/fanzhipeng/.local/bin
PATH: /home/fanzhipeng/.cargo/bin
PATH: /usr/local/bin/bin
PATH: /opt/riscv32ima/bin
PATH: /home/fanzhipeng/software/qemu-4.1.0/riscv32-softmmu/
PATH: /usr/local/sbin
PATH: /usr/local/bin
PATH: /usr/sbin
PATH: /usr/bin
PATH: /sbin
PATH: /bin
PATH: /usr/games
PATH: /usr/local/games
PATH: /mnt/c/Program Files/WindowsApps/CanonicalGroupLimited.Ubuntu16.04onWindows_1604.2019.523.0_x64__79rhkp1fndgsc
PATH: /mnt/f/python install/Scripts/
PATH: /mnt/f/python install/
PATH: /mnt/c/Program Files (x86)/Intel/iCLS Client/
PATH: /mnt/c/Program Files/Intel/iCLS Client/
PATH: /mnt/c/WINDOWS/system32
PATH: /mnt/c/WINDOWS
PATH: /mnt/c/WINDOWS/System32/Wbem
PATH: /mnt/c/WINDOWS/System32/WindowsPowerShell/v1.0/
PATH: /mnt/c/Program Files/dotnet/
PATH: /mnt/c/Program Files/Microsoft SQL Server/130/Tools/Binn/
PATH: /mnt/c/Program Files (x86)/Intel/Intel(R) Management Engine Components/DAL
PATH: /mnt/c/Program Files/Intel/Intel(R) Management Engine Components/DAL
PATH: /mnt/c/Program Files (x86)/Intel/Intel(R) Management Engine Components/IPT
PATH: /mnt/c/Program Files/Intel/Intel(R) Management Engine Components/IPT
PATH: /mnt/c/WINDOWS/System32/OpenSSH/
PATH: /mnt/d/MATLAB/R2018a/runtime/win64
PATH: /mnt/d/MATLAB/R2018a/bin
PATH: /mnt/f/PuTTY/
PATH: /mnt/f/mingw64/mingw64/bin
PATH: /mnt/f/Git/cmd
PATH: /mnt/c/Program Files/Intel/WiFi/bin/
PATH: /mnt/c/Program Files/Common Files/Intel/WirelessCommon/
PATH: /mnt/c/Users/fanzhipeng/scoop/shims
PATH: /mnt/c/Users/fanzhipeng/.cargo/bin
PATH: /mnt/c/Users/fanzhipeng/AppData/Local/Microsoft/WindowsApps
PATH: /mnt/f/modeltech64_10.4/win64
PATH: /mnt/f/modelsim_se/win64
PATH: /mnt/f/intelFPGA_lite/18.0/modelsim_ase/win32aloem
PATH: /mnt/c/modeltech64_10.4/win64
PATH: /mnt/c/modeltech64_2019.2/win64
PATH: /snap/bin


## ----------- ##
## Core tests. ##
## ----------- ##

configure:1951: checking build system type
configure:1965: result: x86_64-unknown-linux-gnu
configure:1985: checking host system type
configure:1998: result: riscv32-unknown-elf
configure:2031: checking for riscv32-unknown-elf-gcc
configure:2047: found /opt/riscv32ima/bin/riscv32-unknown-elf-gcc
configure:2058: result: riscv32-unknown-elf-gcc
configure:2327: checking for C compiler version
configure:2336: riscv32-unknown-elf-gcc --version >&5
riscv32-unknown-elf-gcc (GCC) 9.2.0
Copyright (C) 2019 Free Software Foundation, Inc.
This is free software; see the source for copying conditions.  There is NO
warranty; not even for MERCHANTABILITY or FITNESS FOR A PARTICULAR PURPOSE.

configure:2347: $? = 0
configure:2336: riscv32-unknown-elf-gcc -v >&5
Using built-in specs.
COLLECT_GCC=riscv32-unknown-elf-gcc
COLLECT_LTO_WRAPPER=/opt/riscv32ima/bin/../libexec/gcc/riscv32-unknown-elf/9.2.0/lto-wrapper
Target: riscv32-unknown-elf
Configured with: /home/fanzhipeng/software/riscv-gnu-toolchain/riscv-gcc/configure --target=riscv32-unknown-elf --prefix=/opt/riscv --disable-shared --disable-threads --enable-languages=c,c++ --with-system-zlib --enable-tls --with-newlib --with-sysroot=/opt/riscv/riscv32-unknown-elf --with-native-system-header-dir=/include --disable-libmudflap --disable-libssp --disable-libquadmath --disable-libgomp --disable-nls --disable-tm-clone-registry --src=.././riscv-gcc --disable-multilib --with-abi=ilp32 --with-arch=rv32ima --with-tune=rocket 'CFLAGS_FOR_TARGET=-Os   -mcmodel=medlow' 'CXXFLAGS_FOR_TARGET=-Os   -mcmodel=medlow'
Thread model: single
gcc version 9.2.0 (GCC) 
configure:2347: $? = 0
configure:2336: riscv32-unknown-elf-gcc -V >&5
riscv32-unknown-elf-gcc: error: unrecognized command line option '-V'
riscv32-unknown-elf-gcc: fatal error: no input files
compilation terminated.
configure:2347: $? = 1
configure:2336: riscv32-unknown-elf-gcc -qversion >&5
riscv32-unknown-elf-gcc: error: unrecognized command line option '-qversion'; did you mean '--version'?
riscv32-unknown-elf-gcc: fatal error: no input files
compilation terminated.
configure:2347: $? = 1
configure:2367: checking whether the C compiler works
configure:2389: riscv32-unknown-elf-gcc    conftest.c  >&5
configure:2393: $? = 0
configure:2441: result: yes
configure:2444: checking for C compiler default output file name
configure:2446: result: a.out
configure:2452: checking for suffix of executables
configure:2459: riscv32-unknown-elf-gcc -o conftest    conftest.c  >&5
configure:2463: $? = 0
configure:2485: result: 
configure:2507: checking whether we are cross compiling
configure:2515: riscv32-unknown-elf-gcc -o conftest    conftest.c  >&5
configure:2519: $? = 0
configure:2526: ./conftest
../configure: line 2528: ./conftest: cannot execute binary file: Exec format error
configure:2530: $? = 126
configure:2545: result: yes
configure:2550: checking for suffix of object files
configure:2572: riscv32-unknown-elf-gcc -c   conftest.c >&5
configure:2576: $? = 0
configure:2597: result: o
configure:2601: checking whether we are using the GNU C compiler
configure:2620: riscv32-unknown-elf-gcc -c   conftest.c >&5
configure:2620: $? = 0
configure:2629: result: yes
configure:2638: checking whether riscv32-unknown-elf-gcc accepts -g
configure:2658: riscv32-unknown-elf-gcc -c -g  conftest.c >&5
configure:2658: $? = 0
configure:2699: result: yes
configure:2716: checking for riscv32-unknown-elf-gcc option to accept ISO C89
configure:2779: riscv32-unknown-elf-gcc  -c -g -O2  conftest.c >&5
configure:2779: $? = 0
configure:2792: result: none needed
configure:2826: checking for riscv32-unknown-elf-g++
configure:2842: found /opt/riscv32ima/bin/riscv32-unknown-elf-g++
configure:2853: result: riscv32-unknown-elf-g++
configure:2924: checking for C++ compiler version
configure:2933: riscv32-unknown-elf-g++ --version >&5
riscv32-unknown-elf-g++ (GCC) 9.2.0
Copyright (C) 2019 Free Software Foundation, Inc.
This is free software; see the source for copying conditions.  There is NO
warranty; not even for MERCHANTABILITY or FITNESS FOR A PARTICULAR PURPOSE.

configure:2944: $? = 0
configure:2933: riscv32-unknown-elf-g++ -v >&5
Using built-in specs.
COLLECT_GCC=riscv32-unknown-elf-g++
COLLECT_LTO_WRAPPER=/opt/riscv32ima/bin/../libexec/gcc/riscv32-unknown-elf/9.2.0/lto-wrapper
Target: riscv32-unknown-elf
Configured with: /home/fanzhipeng/software/riscv-gnu-toolchain/riscv-gcc/configure --target=riscv32-unknown-elf --prefix=/opt/riscv --disable-shared --disable-threads --enable-languages=c,c++ --with-system-zlib --enable-tls --with-newlib --with-sysroot=/opt/riscv/riscv32-unknown-elf --with-native-system-header-dir=/include --disable-libmudflap --disable-libssp --disable-libquadmath --disable-libgomp --disable-nls --disable-tm-clone-registry --src=.././riscv-gcc --disable-multilib --with-abi=ilp32 --with-arch=rv32ima --with-tune=rocket 'CFLAGS_FOR_TARGET=-Os   -mcmodel=medlow' 'CXXFLAGS_FOR_TARGET=-Os   -mcmodel=medlow'
Thread model: single
gcc version 9.2.0 (GCC) 
configure:2944: $? = 0
configure:2933: riscv32-unknown-elf-g++ -V >&5
riscv32-unknown-elf-g++: error: unrecognized command line option '-V'
riscv32-unknown-elf-g++: fatal error: no input files
compilation terminated.
configure:2944: $? = 1
configure:2933: riscv32-unknown-elf-g++ -qversion >&5
riscv32-unknown-elf-g++: error: unrecognized command line option '-qversion'; did you mean '--version'?
riscv32-unknown-elf-g++: fatal error: no input files
compilation terminated.
configure:2944: $? = 1
configure:2948: checking whether we are using the GNU C++ compiler
configure:2967: riscv32-unknown-elf-g++ -c   conftest.cpp >&5
configure:2967: $? = 0
configure:2976: result: yes
configure:2985: checking whether riscv32-unknown-elf-g++ accepts -g
configure:3005: riscv32-unknown-elf-g++ -c -g  conftest.cpp >&5
configure:3005: $? = 0
configure:3046: result: yes
configure:3072: checking for riscv32-unknown-elf-ar
configure:3088: found /opt/riscv32ima/bin/riscv32-unknown-elf-ar
configure:3099: result: riscv32-unknown-elf-ar
configure:3164: checking for riscv32-unknown-elf-ranlib
configure:3180: found /opt/riscv32ima/bin/riscv32-unknown-elf-ranlib
configure:3191: result: riscv32-unknown-elf-ranlib
configure:3275: checking for a BSD-compatible install
configure:3343: result: /usr/bin/install -c
configure:3484: checking how to run the C preprocessor
configure:3515: riscv32-unknown-elf-gcc -E  conftest.c
configure:3515: $? = 0
configure:3529: riscv32-unknown-elf-gcc -E  conftest.c
conftest.c:9:10: fatal error: ac_nonexistent.h: No such file or directory
    9 | #include <ac_nonexistent.h>
      |          ^~~~~~~~~~~~~~~~~~
compilation terminated.
configure:3529: $? = 1
configure: failed program was:
| /* confdefs.h */
| #define PACKAGE_NAME "RISC-V Proxy Kernel"
| #define PACKAGE_TARNAME "riscv-pk"
| #define PACKAGE_VERSION "?"
| #define PACKAGE_STRING "RISC-V Proxy Kernel ?"
| #define PACKAGE_BUGREPORT "Andrew Waterman"
| #define PACKAGE_URL ""
| /* end confdefs.h.  */
| #include <ac_nonexistent.h>
configure:3554: result: riscv32-unknown-elf-gcc -E
configure:3574: riscv32-unknown-elf-gcc -E  conftest.c
configure:3574: $? = 0
configure:3588: riscv32-unknown-elf-gcc -E  conftest.c
conftest.c:9:10: fatal error: ac_nonexistent.h: No such file or directory
    9 | #include <ac_nonexistent.h>
      |          ^~~~~~~~~~~~~~~~~~
compilation terminated.
configure:3588: $? = 1
configure: failed program was:
| /* confdefs.h */
| #define PACKAGE_NAME "RISC-V Proxy Kernel"
| #define PACKAGE_TARNAME "riscv-pk"
| #define PACKAGE_VERSION "?"
| #define PACKAGE_STRING "RISC-V Proxy Kernel ?"
| #define PACKAGE_BUGREPORT "Andrew Waterman"
| #define PACKAGE_URL ""
| /* end confdefs.h.  */
| #include <ac_nonexistent.h>
configure:3617: checking for grep that handles long lines and -e
configure:3675: result: /bin/grep
configure:3680: checking for egrep
configure:3742: result: /bin/grep -E
configure:3747: checking for ANSI C header files
configure:3767: riscv32-unknown-elf-gcc -c -g -O2  conftest.c >&5
configure:3767: $? = 0
configure:3851: result: yes
configure:3952: configuring default subproject : pk
configure:4009: configuring default subproject : bbl
configure:4075: configuring default subproject : softfloat
configure:4120: configuring default subproject : dummy_payload
configure:4165: configuring default subproject : machine
configure:4222: configuring default subproject : util
configure:4376: creating ./config.status

## ---------------- ##
## Cache variables. ##
## ---------------- ##

ac_cv_build=x86_64-unknown-linux-gnu
ac_cv_c_compiler_gnu=yes
ac_cv_cxx_compiler_gnu=yes
ac_cv_env_CCC_set=
ac_cv_env_CCC_value=
ac_cv_env_CC_set=
ac_cv_env_CC_value=
ac_cv_env_CFLAGS_set=
ac_cv_env_CFLAGS_value=
ac_cv_env_CPPFLAGS_set=
ac_cv_env_CPPFLAGS_value=
ac_cv_env_CPP_set=
ac_cv_env_CPP_value=
ac_cv_env_CXXFLAGS_set=
ac_cv_env_CXXFLAGS_value=
ac_cv_env_CXX_set=
ac_cv_env_CXX_value=
ac_cv_env_LDFLAGS_set=
ac_cv_env_LDFLAGS_value=
ac_cv_env_LIBS_set=
ac_cv_env_LIBS_value=
ac_cv_env_RISCV_set=set
ac_cv_env_RISCV_value=/mnt/f/undergraduate_thesis/riscv-files
ac_cv_env_STOW_PREFIX_set=
ac_cv_env_STOW_PREFIX_value=
ac_cv_env_STOW_ROOT_set=
ac_cv_env_STOW_ROOT_value=
ac_cv_env_build_alias_set=
ac_cv_env_build_alias_value=
ac_cv_env_host_alias_set=set
ac_cv_env_host_alias_value=riscv32-unknown-elf
ac_cv_env_target_alias_set=
ac_cv_env_target_alias_value=
ac_cv_header_stdc=yes
ac_cv_host=riscv32-unknown-elf
ac_cv_objext=o
ac_cv_path_EGREP='/bin/grep -E'
ac_cv_path_GREP=/bin/grep
ac_cv_path_install='/usr/bin/install -c'
ac_cv_prog_AR=riscv32-unknown-elf-ar
ac_cv_prog_CC=riscv32-unknown-elf-gcc
ac_cv_prog_CPP='riscv32-unknown-elf-gcc -E'
ac_cv_prog_CXX=riscv32-unknown-elf-g++
ac_cv_prog_RANLIB=riscv32-unknown-elf-ranlib
ac_cv_prog_cc_c89=
ac_cv_prog_cc_g=yes
ac_cv_prog_cxx_g=yes

## ----------------- ##
## Output variables. ##
## ----------------- ##

AR='riscv32-unknown-elf-ar'
BBL_PAYLOAD='../../os/target/riscv32-os/release/os'
CC='riscv32-unknown-elf-gcc'
CFLAGS='-Wall -Werror -D__NO_INLINE__ -mcmodel=medany -O2 -std=gnu99 -Wno-unused -Wno-attributes -fno-delete-null-pointer-checks'
CPP='riscv32-unknown-elf-gcc -E'
CPPFLAGS=''
CXX='riscv32-unknown-elf-g++'
CXXFLAGS='-g -O2'
DEFS='-DHAVE_CONFIG_H'
ECHO_C=''
ECHO_N='-n'
ECHO_T=''
EGREP='/bin/grep -E'
EXEEXT=''
GREP='/bin/grep'
INSTALL_DATA='${INSTALL} -m 644'
INSTALL_PROGRAM='${INSTALL}'
INSTALL_SCRIPT='${INSTALL}'
LDFLAGS=''
LIBOBJS=''
LIBS='-lgcc'
LTLIBOBJS=''
OBJEXT='o'
PACKAGE_BUGREPORT='Andrew Waterman'
PACKAGE_NAME='RISC-V Proxy Kernel'
PACKAGE_STRING='RISC-V Proxy Kernel ?'
PACKAGE_TARNAME='riscv-pk'
PACKAGE_URL=''
PACKAGE_VERSION='?'
PATH_SEPARATOR=':'
RANLIB='riscv32-unknown-elf-ranlib'
RISCV='/mnt/f/undergraduate_thesis/riscv-files'
SHELL='/bin/bash'
STOW_PREFIX=''
STOW_ROOT=''
ac_ct_CC=''
ac_ct_CXX=''
bindir='${exec_prefix}/bin'
build='x86_64-unknown-linux-gnu'
build_alias=''
build_cpu='x86_64'
build_os='linux-gnu'
build_vendor='unknown'
datadir='${datarootdir}'
datarootdir='${prefix}/share'
docdir='${datarootdir}/doc/${PACKAGE_TARNAME}'
dvidir='${docdir}'
enable_stow='no'
exec_prefix='${prefix}'
host='riscv32-unknown-elf'
host_alias='riscv32-unknown-elf'
host_cpu='riscv32'
host_os='elf'
host_vendor='unknown'
htmldir='${docdir}'
includedir='${prefix}/include'
infodir='${datarootdir}/info'
install_subdir='riscv64-unknown-elf'
libdir='${exec_prefix}/lib'
libexecdir='${exec_prefix}/libexec'
localedir='${datarootdir}/locale'
localstatedir='${prefix}/var'
mandir='${datarootdir}/man'
oldincludedir='/usr/include'
pdfdir='${docdir}'
prefix='/mnt/f/undergraduate_thesis/riscv-files'
program_transform_name='s,x,x,'
psdir='${docdir}'
sbindir='${exec_prefix}/sbin'
sharedstatedir='${prefix}/com'
stow=''
subprojects=' pk bbl softfloat dummy_payload machine util'
subprojects_enabled=' pk bbl softfloat dummy_payload machine util'
sysconfdir='${prefix}/etc'
target_alias=''

## ----------- ##
## confdefs.h. ##
## ----------- ##

/* confdefs.h */
#define PACKAGE_NAME "RISC-V Proxy Kernel"
#define PACKAGE_TARNAME "riscv-pk"
#define PACKAGE_VERSION "?"
#define PACKAGE_STRING "RISC-V Proxy Kernel ?"
#define PACKAGE_BUGREPORT "Andrew Waterman"
#define PACKAGE_URL ""
#define STDC_HEADERS 1
#define PK_ENABLED /**/
#define PK_ENABLE_VM /**/
#define BBL_ENABLED /**/
#define PK_ENABLE_LOGO /**/
#define DUMMY_PAYLOAD_ENABLED /**/
#define MACHINE_ENABLED /**/
#define UTIL_ENABLED /**/

configure: exit 0

## ---------------------- ##
## Running config.status. ##
## ---------------------- ##

This file was extended by RISC-V Proxy Kernel config.status ?, which was
generated by GNU Autoconf 2.69.  Invocation command line was

  CONFIG_FILES    = 
  CONFIG_HEADERS  = 
  CONFIG_LINKS    = 
  CONFIG_COMMANDS = 
  $ ./config.status 

on LAPTOP-ILT6KOAH

config.status:827: creating pk.mk
config.status:827: creating bbl.mk
config.status:827: creating softfloat.mk
config.status:827: creating dummy_payload.mk
config.status:827: creating machine.mk
config.status:827: creating util.mk
config.status:827: creating Makefile
config.status:827: creating config.h
config.status:987: config.h is unchanged
